Started by user David Beamguard
 > /usr/bin/git rev-parse --is-inside-work-tree # timeout=10
Fetching changes from the remote Git repository
 > /usr/bin/git config remote.origin.url https://gitbucket.tvlport.com/git/GREENFIELD/GreenEcho.git # timeout=10
Fetching upstream changes from https://gitbucket.tvlport.com/git/GREENFIELD/GreenEcho.git
 > /usr/bin/git --version # timeout=10
using GIT_ASKPASS to set credentials 
Setting http proxy: atlproxy.tvlport.com:8080
 > /usr/bin/git fetch --tags --progress https://gitbucket.tvlport.com/git/GREENFIELD/GreenEcho.git +refs/heads/*:refs/remotes/origin/*
 > /usr/bin/git rev-parse refs/remotes/origin/master^{commit} # timeout=10
 > /usr/bin/git rev-parse refs/remotes/origin/origin/master^{commit} # timeout=10
Checking out Revision b918599ae9a2df681233f4ef6baeb83f1181aa68 (refs/remotes/origin/master)
 > /usr/bin/git config core.sparsecheckout # timeout=10
 > /usr/bin/git checkout -f b918599ae9a2df681233f4ef6baeb83f1181aa68
 > /usr/bin/git rev-list 1e7019588ac59e5535c38b3747fd99c3435f7cf8 # timeout=10
[Pipeline] node
Running on gf_vhlgnbfjv002-f5d14c61 in /var/jenkins_home/workspace/GreenfieldService/GreenEcho-BG
[Pipeline] {
[Pipeline] tool
[Pipeline] tool
[Pipeline] sh
[GreenEcho-BG] Running shell script
+ git config --global http.sslVerify false
[Pipeline] node
Running on bf_vhlgnbfjv001-acfba048 in /var/jenkins_home/workspace/GreenfieldService/GreenEcho-BG
[Pipeline] {
[Pipeline] dir
Running in /var/jenkins_home/workspace/GreenfieldService/GreenEcho-BG/libLoader
[Pipeline] {
[Pipeline] deleteDir
[Pipeline] echo
Checking out https://gitbucket.tvlport.com/git/GREENFIELD/GreenfieldAdmin.git, branch=master
[Pipeline] checkout
Cloning the remote Git repository
Cloning repository https://gitbucket.tvlport.com/git/GREENFIELD/GreenfieldAdmin.git
 > /usr/bin/git init /var/jenkins_home/workspace/GreenfieldService/GreenEcho-BG/libLoader # timeout=10
Fetching upstream changes from https://gitbucket.tvlport.com/git/GREENFIELD/GreenfieldAdmin.git
 > /usr/bin/git --version # timeout=10
Setting http proxy: atlproxy.tvlport.com:8080
 > /usr/bin/git fetch --tags --progress https://gitbucket.tvlport.com/git/GREENFIELD/GreenfieldAdmin.git +refs/heads/*:refs/remotes/origin/*
 > /usr/bin/git config remote.origin.url https://gitbucket.tvlport.com/git/GREENFIELD/GreenfieldAdmin.git # timeout=10
 > /usr/bin/git config --add remote.origin.fetch +refs/heads/*:refs/remotes/origin/* # timeout=10
 > /usr/bin/git config remote.origin.url https://gitbucket.tvlport.com/git/GREENFIELD/GreenfieldAdmin.git # timeout=10
Fetching upstream changes from https://gitbucket.tvlport.com/git/GREENFIELD/GreenfieldAdmin.git
Setting http proxy: atlproxy.tvlport.com:8080
 > /usr/bin/git fetch --tags --progress https://gitbucket.tvlport.com/git/GREENFIELD/GreenfieldAdmin.git +refs/heads/*:refs/remotes/origin/*
 > /usr/bin/git rev-parse origin/master^{commit} # timeout=10
Checking out Revision 8cabd868d9861cd2c1a64196163e5243c183d08c (origin/master)
 > /usr/bin/git config core.sparsecheckout # timeout=10
 > /usr/bin/git checkout -f 8cabd868d9861cd2c1a64196163e5243c183d08c
[Pipeline] echo
Loading from GreenfieldPipeline/GreenfieldPipelineTmp.groovy
[Pipeline] load
[Pipeline] { (GreenfieldPipeline/GreenfieldPipelineTmp.groovy)
[Pipeline] }
[Pipeline] // load
[Pipeline] deleteDir
[Pipeline] }
[Pipeline] // dir
[Pipeline] }
[Pipeline] // node
[Pipeline] stage (Checkout)
Using the ‘stage’ step without a block argument is deprecated
Entering stage Checkout
Proceeding
[Pipeline] sh
[GreenEcho-BG] Running shell script
+ git config --global http.sslVerify false
[Pipeline] step
[WS-CLEANUP] Deleting project workspace...[WS-CLEANUP] done
[Pipeline] sh
[GreenEcho-BG] Running shell script
+ rm -f .gitconfig.lock
[Pipeline] sh
[GreenEcho-BG] Running shell script
+ git config --global http.sslVerify false
[Pipeline] checkout
Cloning the remote Git repository
Cloning repository https://gitbucket.tvlport.com/git/GREENFIELD/GreenEcho.git
 > /usr/bin/git init /var/jenkins_home/workspace/GreenfieldService/GreenEcho-BG # timeout=10
Fetching upstream changes from https://gitbucket.tvlport.com/git/GREENFIELD/GreenEcho.git
 > /usr/bin/git --version # timeout=10
using GIT_ASKPASS to set credentials 
Setting http proxy: atlproxy.tvlport.com:8080
 > /usr/bin/git fetch --tags --progress https://gitbucket.tvlport.com/git/GREENFIELD/GreenEcho.git +refs/heads/*:refs/remotes/origin/*
 > /usr/bin/git config remote.origin.url https://gitbucket.tvlport.com/git/GREENFIELD/GreenEcho.git # timeout=10
 > /usr/bin/git config --add remote.origin.fetch +refs/heads/*:refs/remotes/origin/* # timeout=10
 > /usr/bin/git config remote.origin.url https://gitbucket.tvlport.com/git/GREENFIELD/GreenEcho.git # timeout=10
Cleaning workspace
 > /usr/bin/git rev-parse --verify HEAD # timeout=10
No valid HEAD. Skipping the resetting
 > /usr/bin/git clean -fdx # timeout=10
Fetching upstream changes from https://gitbucket.tvlport.com/git/GREENFIELD/GreenEcho.git
using GIT_ASKPASS to set credentials 
Setting http proxy: atlproxy.tvlport.com:8080
 > /usr/bin/git fetch --tags --progress https://gitbucket.tvlport.com/git/GREENFIELD/GreenEcho.git +refs/heads/*:refs/remotes/origin/*
 > /usr/bin/git rev-parse origin/master^{commit} # timeout=10
Checking out Revision b918599ae9a2df681233f4ef6baeb83f1181aa68 (origin/master)
 > /usr/bin/git config core.sparsecheckout # timeout=10
 > /usr/bin/git checkout -f b918599ae9a2df681233f4ef6baeb83f1181aa68
 > /usr/bin/git rev-list 1e7019588ac59e5535c38b3747fd99c3435f7cf8 # timeout=10
[Pipeline] readYaml
[Pipeline] stage (Document Check)
Using the ‘stage’ step without a block argument is deprecated
Entering stage Document Check
Proceeding
[Pipeline] withCredentials
[Pipeline] {
[Pipeline] sh
[GreenEcho-BG] Running shell script
+ curl --ntlm --fail --user ****:**** https://doclibrary.travelport.com/dat/Data%20Center%20Operations/Cloud%20Implementations/Greenfield%20Echo/Green%20Echo%20Operational%20Support.docx
  % Total    % Received % Xferd  Average Speed   Time    Time     Time  Current
                                 Dload  Upload   Total   Spent    Left  Speed
  0     0    0     0    0     0      0      0 --:--:-- --:--:-- --:--:--     0  0     0    0     0    0     0      0      0 --:--:-- --:--:-- --:--:--     0
  0     0    0     0    0     0      0      0 --:--:-- --:--:-- --:--:--     0100 36249  100 36249    0     0   119k      0 --:--:-- --:--:-- --:--:-- 11.5M
[Pipeline] }
[Pipeline] // withCredentials
[Pipeline] stage (Maven)
Using the ‘stage’ step without a block argument is deprecated
Entering stage Maven
Proceeding
[Pipeline] stage (Pull Release)
Using the ‘stage’ step without a block argument is deprecated
Entering stage Pull Release
Proceeding
[Pipeline] readMavenPom
[Pipeline] sh
[GreenEcho-BG] Running shell script
+ mkdir -p target
[Pipeline] wrap
provisoning config files...
copy managed file [BrownfieldSettings] to file:/var/jenkins_home/workspace/GreenfieldService/GreenEcho-BG/settings.xml
[Pipeline] {
[Pipeline] sh
[GreenEcho-BG] Running shell script
+ mvn -s settings.xml org.apache.maven.plugins:maven-dependency-plugin:2.8:copy -DrepoUrl=http://maven-repo.tvlport.com:8082/nexus/content/repositories -Dartifact=com.travelport.gf.greentest:GreenEchoService:1.0.1:war -DoutputDirectory=target -Dmdep.stripVersion=true
[INFO] Scanning for projects...
[INFO]                                                                         
[INFO] ------------------------------------------------------------------------
[INFO] Building GreenEchoService 1.0.1
[INFO] ------------------------------------------------------------------------
[INFO] 
[INFO] --- maven-dependency-plugin:2.8:copy (default-cli) @ GreenEchoService ---
[INFO] Configured Artifact: com.travelport.gf.greentest:GreenEchoService:1.0.1:war
[INFO] Copying GreenEchoService-1.0.1.war to /var/jenkins_home/workspace/GreenfieldService/GreenEcho-BG/target/GreenEchoService.war
[INFO] ------------------------------------------------------------------------
[INFO] BUILD SUCCESS
[INFO] ------------------------------------------------------------------------
[INFO] Total time: 5.696 s
[INFO] Finished at: 2017-06-01T13:48:35+00:00
[INFO] Final Memory: 10M/121M
[INFO] ------------------------------------------------------------------------
[Pipeline] }
[Pipeline] // wrap
[Pipeline] stage (Deployment)
Using the ‘stage’ step without a block argument is deprecated
Entering stage Deployment
Proceeding
[Pipeline] stage (PRODUCTION LOAD)
Using the ‘stage’ step without a block argument is deprecated
Entering stage PRODUCTION LOAD
Proceeding
[Pipeline] readMavenPom
[Pipeline] sh
[GreenEcho-BG] Running shell script
+ curl -k --output GreenEchoService-1.0.1.war.md5 http://maven-repo.tvlport.com:8082/nexus/content/repositories/releases/com/travelport/gf/greentest/GreenEchoService/1.0.1/GreenEchoService-1.0.1.war.md5
  % Total    % Received % Xferd  Average Speed   Time    Time     Time  Current
                                 Dload  Upload   Total   Spent    Left  Speed
  0     0    0     0    0     0      0      0 --:--:-- --:--:-- --:--:--     0100    32  100    32    0     0    488      0 --:--:-- --:--:-- --:--:--   492
[Pipeline] sh
[GreenEcho-BG] Running shell script
+ ls archive/GreenEchoService-1.0.1.war.md5
[Pipeline] sh
[GreenEcho-BG] Running shell script
+ ls GreenEchoService-1.0.1.war.md5
[Pipeline] sh
[GreenEcho-BG] Running shell script
+ tail archive/GreenEchoService-1.0.1.war.md5
[Pipeline] sh
[GreenEcho-BG] Running shell script
+ tail GreenEchoService-1.0.1.war.md5
[Pipeline] echo
MD5 Confirmed
[Pipeline] stage (Production zu2)
Using the ‘stage’ step without a block argument is deprecated
Entering stage Production zu2
Proceeding
[Pipeline] sh
[GreenEcho-BG] Running shell script
+ git config --global http.sslVerify false
[Pipeline] node
Running on bf_vhlgnbfjv001-acfba048 in /var/jenkins_home/workspace/GreenfieldService/GreenEcho-BG
[Pipeline] {
[Pipeline] dir
Running in /var/jenkins_home/workspace/GreenfieldService/GreenEcho-BG/libLoader
[Pipeline] {
[Pipeline] deleteDir
[Pipeline] echo
Checking out https://gitbucket.tvlport.com/git/GREENFIELD/GreenfieldAdmin.git, branch=master
[Pipeline] checkout
Cloning the remote Git repository
Cloning repository https://gitbucket.tvlport.com/git/GREENFIELD/GreenfieldAdmin.git
 > /usr/bin/git init /var/jenkins_home/workspace/GreenfieldService/GreenEcho-BG/libLoader # timeout=10
Fetching upstream changes from https://gitbucket.tvlport.com/git/GREENFIELD/GreenfieldAdmin.git
 > /usr/bin/git --version # timeout=10
Setting http proxy: atlproxy.tvlport.com:8080
 > /usr/bin/git fetch --tags --progress https://gitbucket.tvlport.com/git/GREENFIELD/GreenfieldAdmin.git +refs/heads/*:refs/remotes/origin/*
 > /usr/bin/git config remote.origin.url https://gitbucket.tvlport.com/git/GREENFIELD/GreenfieldAdmin.git # timeout=10
 > /usr/bin/git config --add remote.origin.fetch +refs/heads/*:refs/remotes/origin/* # timeout=10
 > /usr/bin/git config remote.origin.url https://gitbucket.tvlport.com/git/GREENFIELD/GreenfieldAdmin.git # timeout=10
Fetching upstream changes from https://gitbucket.tvlport.com/git/GREENFIELD/GreenfieldAdmin.git
Setting http proxy: atlproxy.tvlport.com:8080
 > /usr/bin/git fetch --tags --progress https://gitbucket.tvlport.com/git/GREENFIELD/GreenfieldAdmin.git +refs/heads/*:refs/remotes/origin/*
 > /usr/bin/git rev-parse origin/master^{commit} # timeout=10
Checking out Revision 8cabd868d9861cd2c1a64196163e5243c183d08c (origin/master)
 > /usr/bin/git config core.sparsecheckout # timeout=10
 > /usr/bin/git checkout -f 8cabd868d9861cd2c1a64196163e5243c183d08c
[Pipeline] echo
Loading from GreenfieldPipeline/GreenfieldPipeline.groovy
[Pipeline] load
[Pipeline] { (GreenfieldPipeline/GreenfieldPipeline.groovy)
[Pipeline] }
[Pipeline] // load
[Pipeline] deleteDir
[Pipeline] }
[Pipeline] // dir
[Pipeline] }
[Pipeline] // node
[Pipeline] withCredentials
[Pipeline] {
[Pipeline] echo
Login attempt # 1
[Pipeline] sh
[GreenEcho-BG] Running shell script
+ stackato login **** --password **** --target https://api.zu2-9vb2qdz-gf.travelport.com --organization InfraSvcOrg --space Prod
Attempting login to [https://api.zu2-9vb2qdz-gf.travelport.com]
Successfully logged into [https://api.zu2-9vb2qdz-gf.travelport.com]
Target:       https://api.zu2-9vb2qdz-gf.travelport.com
Organization: InfraSvcOrg
Space:        Prod
License installed, less than licensed memory in use.
59C23D124D8E for "Travelport"
Using 285G of 320G.
[Pipeline] echo
Login Success at attempt # 1
[Pipeline] echo
Outside Login Process
[Pipeline] sh
[GreenEcho-BG] Running shell script
+ stackato target https://api.zu2-9vb2qdz-gf.travelport.com --organization InfraSvcOrg --space Prod
Successfully targeted to [https://api.zu2-9vb2qdz-gf.travelport.com]
Switching to organization InfraSvcOrg ... OK
Switching to space Prod ... OK
Target:       https://api.zu2-9vb2qdz-gf.travelport.com
Organization: InfraSvcOrg
Space:        Prod
[Pipeline] }
[Pipeline] // withCredentials
[Pipeline] sh
[GreenEcho-BG] Running shell script
+ stackato routes
[Pipeline] sh
[GreenEcho-BG] Running shell script
+ stackato routes
[Pipeline] echo
New: greenecho-1-0-1 Current: greenecho Fallback: None
[Pipeline] sh
[GreenEcho-BG] Running shell script
+ stackato create-service user-provided config-repo --credentials host:vhldvrmut001.tvlport.net --credentials port:37051 --credentials password: --credentials com.travelport.odt.restfw.zookeeper:vhldvrmut001.tvlport.net:37051
  Creating new service ... Error 60002: The service instance name is taken: config-repo (400)
[Pipeline] sh
[GreenEcho-BG] Running shell script
+ stackato create-service user-provided appdynamics_greenecho-1-0-1 --credentials host-name:travelport.saas.appdynamics.com --credentials port:443 --credentials password: --credentials host:travelport.saas.appdynamics.com --credentials account-access-key:ae9243e80451 --credentials account-name:travelport --credentials ssl-enabled:true --credentials appdynamics.http.proxyHost:pn-outbound-proxy.tvlport.com --credentials appdynamics.http.proxyPort:30375
  Creating new service ... OK
[Pipeline] sh
[GreenEcho-BG] Running shell script
+ stackato create-service user-provided testdb-greenecho-1-0-1 --credentials hostname:shlgnrhds003.tvlport.net --credentials port:3306 --credentials password: --credentials pass:uaZVC8HQC5vtKfUEBemy --credentials user:perfreporting --credentials database:perfreporting
  Creating new service ... OK
[Pipeline] sh
[GreenEcho-BG] Running shell script
+ stackato create-service user-provided greenecho-svc-greenecho-1-0-1 --credentials hostname:greenecho.zu2-gf.travelport.com --credentials host:greenecho.zu2-gf.travelport.com --credentials port:80 --credentials password:
  Creating new service ... OK
[Pipeline] sh
[GreenEcho-BG] Running shell script
+ stackato create-service user-provided greenecho-svc-config-greenecho-1-0-1 --credentials hostname: --credentials port: --credentials password:
  Creating new service ... OK
[Pipeline] sh
[GreenEcho-BG] Running shell script
+ stackato push -n --nostart --reset --as greenecho-1-0-1
Using manifest file "manifest.yml"
BuildPack:         https://github.com/cloudfoundry/java-buildpack.git#v3.16
Instances:         2
Health Timeout:    180
Application Url:   http://greenecho-1-0-1.zu2-9vb2qdz-gf.travelport.com
  Adding Environment Variable [JBP_CONFIG_DYNA_TRACE_AGENT=[ version: 6.3.0_+ ]]
  Adding Environment Variable [JBP_CONFIG_OPEN_JDK_JRE=[jre: { version: 1.8.0_+ }]]
  Adding Environment Variable [JBP_CONFIG_TOMCAT=[tomcat: { version: 8.0.+ }]]
Creating Application [greenecho-1-0-1] as [https://api.zu2-9vb2qdz-gf.travelport.com -> InfraSvcOrg -> Prod -> greenecho-1-0-1] ... OK
  Map http://greenecho-1-0-1.zu2-9vb2qdz-gf.travelport.com ... OK
Service appdynamics_greenecho-1-0-1:
  No configuration found in the manifest.
  Unable to check against the actual service.
  Binding [appdynamics_greenecho-1-0-1] to greenecho-1-0-1 ... OK
Service config-repo:
  No configuration found in the manifest.
  Unable to check against the actual service.
  Binding [config-repo] to greenecho-1-0-1 ... OK
Service greenecho-svc-greenecho-1-0-1:
  No configuration found in the manifest.
  Unable to check against the actual service.
  Binding [greenecho-svc-greenecho-1-0-1] to greenecho-1-0-1 ... OK
Service greenecho-svc-config-greenecho-1-0-1:
  No configuration found in the manifest.
  Unable to check against the actual service.
  Binding [greenecho-svc-config-greenecho-1-0-1] to greenecho-1-0-1 ... OK
Uploading Application [greenecho-1-0-1] ... 
  From path /var/jenkins_home/workspace/GreenfieldService/GreenEcho-BG/target/GreenEchoService.war
  Exploding file
  Checking for available resources ...  OK
  Processing resources ... OK
  Packing application ... OK
  Uploading (3K) ...  OK
Push Status: OK
[Pipeline] sh
[GreenEcho-BG] Running shell script
+ stackato env-add greenecho-1-0-1 JBP_CONFIG_APP_DYNAMICS_AGENT '[ repository_root: "https://java-buildpack.cloudfoundry.org/app-dynamics", default_application_name: greenecho, version: 4.2.7_+ ]'
Adding Environment Variable [JBP_CONFIG_APP_DYNAMICS_AGENT=[ repository_root: "https://java-buildpack.cloudfoundry.org/app-dynamics", default_application_name: greenecho, version: 4.2.7_+ ]] ... OK
[Pipeline] sh
[GreenEcho-BG] Running shell script
+ stackato env-add greenecho-1-0-1 JBP_CONFIG_COMPONENTS '{ frameworks: [ '\''JavaBuildpack::Framework::AppDynamicsAgent'\'', '\''JavaBuildpack::Framework::ContainerCertificateTrustStore'\'', '\''JavaBuildpack::Framework::ContainerCustomizer'\'', '\''JavaBuildpack::Framework::Debug'\'', '\''JavaBuildpack::Framework::DynatraceAppmonAgent'\'', '\''JavaBuildpack::Framework::DynatraceOneAgent'\'', '\''JavaBuildpack::Framework::Jmx'\'', '\''JavaBuildpack::Framework::JrebelAgent'\'', '\''JavaBuildpack::Framework::LunaSecurityProvider'\'', '\''JavaBuildpack::Framework::MariaDbJDBC'\'', '\''JavaBuildpack::Framework::NewRelicAgent'\'', '\''JavaBuildpack::Framework::PlayFrameworkAutoReconfiguration'\'', '\''JavaBuildpack::Framework::PlayFrameworkJPAPlugin'\'', '\''JavaBuildpack::Framework::PostgresqlJDBC'\'', '\''JavaBuildpack::Framework::SpringAutoReconfiguration'\'', '\''JavaBuildpack::Framework::SpringInsight'\'', '\''JavaBuildpack::Framework::YourKitProfiler'\'', '\''JavaBuildpack::Framework::JavaOpts'\'' ] } '
Adding Environment Variable [JBP_CONFIG_COMPONENTS={ frameworks: [ 'JavaBuildpack::Framework::AppDynamicsAgent', 'JavaBuildpack::Framework::ContainerCertificateTrustStore', 'JavaBuildpack::Framework::ContainerCustomizer', 'JavaBuildpack::Framework::Debug', 'JavaBuildpack::Framework::DynatraceAppmonAgent', 'JavaBuildpack::Framework::DynatraceOneAgent', 'JavaBuildpack::Framework::Jmx', 'JavaBuildpack::Framework::JrebelAgent', 'JavaBuildpack::Framework::LunaSecurityProvider', 'JavaBuildpack::Framework::MariaDbJDBC', 'JavaBuildpack::Framework::NewRelicAgent', 'JavaBuildpack::Framework::PlayFrameworkAutoReconfiguration', 'JavaBuildpack::Framework::PlayFrameworkJPAPlugin', 'JavaBuildpack::Framework::PostgresqlJDBC', 'JavaBuildpack::Framework::SpringAutoReconfiguration', 'JavaBuildpack::Framework::SpringInsight', 'JavaBuildpack::Framework::YourKitProfiler', 'JavaBuildpack::Framework::JavaOpts' ] } ] ... OK
[Pipeline] sh
[GreenEcho-BG] Running shell script
+ stackato start greenecho-1-0-1
Starting Application [greenecho-1-0-1] ... 
OK
http://greenecho-1-0-1.zu2-9vb2qdz-gf.travelport.com/ deployed
[Pipeline] sh
[GreenEcho-BG] Running shell script
+ stackato map greenecho-1-0-1 greenecho-1-0-1.zu2-9vb2qdz-gf.travelport.com
Application [greenecho-1-0-1] ... 
  Map http://greenecho-1-0-1.zu2-9vb2qdz-gf.travelport.com ... OK
Successfully mapped 1 url
[Pipeline] sh
[GreenEcho-BG] Running shell script
+ stackato map greenecho-1-0-1 greenecho-db.zu2-gf.travelport.com
Application [greenecho-1-0-1] ... 
  Map http://greenecho-db.zu2-gf.travelport.com ... OK
Successfully mapped 1 url
[Pipeline] sh
[GreenEcho-BG] Running shell script
+ stackato map greenecho-1-0-1 greenecho.zu2-gf.travelport.com
Application [greenecho-1-0-1] ... 
  Map http://greenecho.zu2-gf.travelport.com ... OK
Successfully mapped 1 url
[Pipeline] sh
[GreenEcho-BG] Running shell script
+ stackato unmap greenecho greenecho-db.zu2-gf.travelport.com
Route "greenecho-db.zu2-gf.travelport.com" does not exist for application 'greenecho'. Run 'stackato app greenecho' to see list of routes.
[Pipeline] sh
[GreenEcho-BG] Running shell script
+ stackato unmap greenecho greenecho.zu2-gf.travelport.com
Application [greenecho] ... 
  Unmap greenecho.zu2-gf.travelport.com ... OK
Successfully unmapped 1 url
[Pipeline] sh
[GreenEcho-BG] Running shell script
+ stackato map greenecho greenecho-fb.zu2-9vb2qdz-gf.travelport.com
Application [greenecho] ... 
  Map http://greenecho-fb.zu2-9vb2qdz-gf.travelport.com ... OK
Successfully mapped 1 url
[Pipeline] sh
[GreenEcho-BG] Running shell script
+ stackato stop greenecho
Stopping Application [greenecho] ... OK
[Pipeline] sh
[GreenEcho-BG] Running shell script
+ stackato delete-service --no-prompt --unbind appdynamics_None
Service instance "appdynamics_None" does not exist in space 'InfraSvcOrg::Prod'. Run 'stackato services' to see list of service instances.
[Pipeline] sh
[GreenEcho-BG] Running shell script
+ stackato delete-service --no-prompt --unbind testdb-None
Service instance "testdb-None" does not exist in space 'InfraSvcOrg::Prod'. Run 'stackato services' to see list of service instances.
[Pipeline] sh
[GreenEcho-BG] Running shell script
+ stackato delete-service --no-prompt --unbind greenecho-svc-None
Service instance "greenecho-svc-None" does not exist in space 'InfraSvcOrg::Prod'. Run 'stackato services' to see list of service instances.
[Pipeline] sh
[GreenEcho-BG] Running shell script
+ stackato delete-service --no-prompt --unbind greenecho-svc-config-None
Service instance "greenecho-svc-config-None" does not exist in space 'InfraSvcOrg::Prod'. Run 'stackato services' to see list of service instances.
[Pipeline] sh
[GreenEcho-BG] Running shell script
+ stackato delete --no-prompt --force --routes None
Application "None" does not exist in space 'InfraSvcOrg::Prod'. Run 'stackato apps' to see list of applications.
[Pipeline] sh
[GreenEcho-BG] Running shell script
+ stackato logout
Successfully logged out of [https://api.zu2-9vb2qdz-gf.travelport.com]
[Pipeline] sh
[GreenEcho-BG] Running shell script
+ mkdir -p archive/greenecho-1-0-1-Prod
[Pipeline] sh
